Key jhxefmshhlyxugbucsai inserted
Key xdmtevpjogoafabcokqx inserted
Key ugizuqdrqxdqfdtwosbk inserted
Key qyljrwbcexbzgeefgmjo inserted
Key hjrhxtqqwzyaxedthzrp inserted
Key drhazjdtnssrwckhznpt inserted
Key jgcazfugvmxhbqzatqjn inserted
Key xsgrjzieirkrvuvsgqgn inserted
Key uvljvbrqwbcjwmdgozcn inserted
Key lzxpgtgrryfwvxqjogyg inserted
Key dkfckqdfyvtxztirhbfx inserted
Key tfgmmgynndkcytjvuaso inserted
Key ziinhqzxetifplkpwjri inserted
Key jlhuiibdzbndqvmdmgyv inserted
Key tcmjhdykegcgctjzodwe inserted
Key dkfckqdfyvtxztirhbfx found, record = 231129970
Key drhazjdtnssrwckhznpt found, record = 608407323
Key hjrhxtqqwzyaxedthzrp found, record = 482555981
Key jgcazfugvmxhbqzatqjn found, record = 1928229536
Key jhxefmshhlyxugbucsai found, record = 726415263
Key jlhuiibdzbndqvmdmgyv found, record = 1038669382
Key lzxpgtgrryfwvxqjogyg found, record = 366607922
Key qyljrwbcexbzgeefgmjo found, record = 438379564
Key tcmjhdykegcgctjzodwe found, record = 1100288418
Key tfgmmgynndkcytjvuaso found, record = 1562647790
Key ugizuqdrqxdqfdtwosbk found, record = 566833724
Key uvljvbrqwbcjwmdgozcn found, record = 301324564
Key xdmtevpjogoafabcokqx found, record = 1686030875
Key xsgrjzieirkrvuvsgqgn found, record = 1647101466
Key ziinhqzxetifplkpwjri found, record = 311369155
Key ziinhqzxetifplkpwjri deleted
Key xsgrjzieirkrvuvsgqgn deleted
Key xdmtevpjogoafabcokqx deleted
Key uvljvbrqwbcjwmdgozcn deleted
Key ugizuqdrqxdqfdtwosbk deleted
Key tfgmmgynndkcytjvuaso deleted
Key tcmjhdykegcgctjzodwe deleted
Key qyljrwbcexbzgeefgmjo deleted
Key lzxpgtgrryfwvxqjogyg deleted
Key jlhuiibdzbndqvmdmgyv deleted
Key jhxefmshhlyxugbucsai deleted
Key jgcazfugvmxhbqzatqjn deleted
Key hjrhxtqqwzyaxedthzrp deleted
Key drhazjdtnssrwckhznpt deleted
Key dkfckqdfyvtxztirhbfx deleted
Number of records in table = 0
15 19 15 19 0 0
Key ougmawlksfjgzqjfmiea inserted
Key qwjqgwiyizxpzxkuhnhx inserted
Key ezmrixbifhgshjmmqknz inserted
Key qqhogddcglmbguykgzqi inserted
Key zkxwnkgtnqwrxmtfgckr inserted
Key fqhphnxoiffpkdinygid inserted
Key vgkvsskqjziqgfwswkul inserted
Key gahiisjqkogeqdtunfgq inserted
Key vkisnfojtxrijbuqghrb inserted
Key afymswkhqjimrzwbwlaj inserted
Key kkbjlswagkzooozrvoly inserted
Key pzlkatcjqjythtimsgzi inserted
Key gydzukzmxydvbalzsfcs inserted
Key rvkhmtrxdbjcthcbwiln inserted
Key brbdcuizfrefphrlcpag inserted
Key afymswkhqjimrzwbwlaj found, record = 918643813
Key brbdcuizfrefphrlcpag found, record = 780426385
Key ezmrixbifhgshjmmqknz found, record = 1086197137
Key fqhphnxoiffpkdinygid found, record = 2098607329
Key gahiisjqkogeqdtunfgq found, record = 1081601610
Key gydzukzmxydvbalzsfcs found, record = 1669916766
Key kkbjlswagkzooozrvoly found, record = 1123757932
Key ougmawlksfjgzqjfmiea found, record = 138283897
Key pzlkatcjqjythtimsgzi found, record = 917589218
Key qqhogddcglmbguykgzqi found, record = 1050535884
Key qwjqgwiyizxpzxkuhnhx found, record = 596225412
Key rvkhmtrxdbjcthcbwiln found, record = 1175535072
Key vgkvsskqjziqgfwswkul found, record = 383467168
Key vkisnfojtxrijbuqghrb found, record = 549116262
Key zkxwnkgtnqwrxmtfgckr found, record = 1733679224
Key zkxwnkgtnqwrxmtfgckr deleted
Key vkisnfojtxrijbuqghrb deleted
Key vgkvsskqjziqgfwswkul deleted
Key rvkhmtrxdbjcthcbwiln deleted
Key qwjqgwiyizxpzxkuhnhx deleted
Key qqhogddcglmbguykgzqi deleted
Key pzlkatcjqjythtimsgzi deleted
Key ougmawlksfjgzqjfmiea deleted
Key kkbjlswagkzooozrvoly deleted
Key gydzukzmxydvbalzsfcs deleted
Key gahiisjqkogeqdtunfgq deleted
Key fqhphnxoiffpkdinygid deleted
Key ezmrixbifhgshjmmqknz deleted
Key brbdcuizfrefphrlcpag deleted
Key afymswkhqjimrzwbwlaj deleted
Number of records in table = 0
15 23 15 23 0 0
Key kkxbufxpmqgruxhhqrip inserted
Key cuezykeufhdmklwtepuj inserted
Key mxuagrdcwitcfeaxxkvl inserted
Key ezzdsxltucwhalzuxfkk inserted
Key srhnlwwagrluqmacacjo inserted
Key szgfseahjeyjndvttlws inserted
Key mbswhlrmcezxsjudcykd inserted
Key fitorkfkgdpfxbpmmojs inserted
Key vxnsrkbjntqtxtcsdtth inserted
Key nkmoedkfzrlmxvoalsyl inserted
Key ygcturrghcuxciojdave inserted
Key fxuolwmbcmljwmlrxhiq inserted
Key mbmeohbzaprdvvzrnnfa inserted
Key aymbhikhaywyvnjuhlug inserted
Key fgnryrtqwynednefmeeg inserted
Key aymbhikhaywyvnjuhlug found, record = 573447963
Key cuezykeufhdmklwtepuj found, record = 763551534
Key ezzdsxltucwhalzuxfkk found, record = 1052873387
Key fgnryrtqwynednefmeeg found, record = 1790692051
Key fitorkfkgdpfxbpmmojs found, record = 1475919825
Key fxuolwmbcmljwmlrxhiq found, record = 1404127017
Key kkxbufxpmqgruxhhqrip found, record = 1352478748
Key mbmeohbzaprdvvzrnnfa found, record = 201340779
Key mbswhlrmcezxsjudcykd found, record = 2101916214
Key mxuagrdcwitcfeaxxkvl found, record = 1255473735
Key nkmoedkfzrlmxvoalsyl found, record = 617144320
Key srhnlwwagrluqmacacjo found, record = 1369265204
Key szgfseahjeyjndvttlws found, record = 836137335
Key vxnsrkbjntqtxtcsdtth found, record = 1252923303
Key ygcturrghcuxciojdave found, record = 2006233876
Key ygcturrghcuxciojdave deleted
Key vxnsrkbjntqtxtcsdtth deleted
Key szgfseahjeyjndvttlws deleted
Key srhnlwwagrluqmacacjo deleted
Key nkmoedkfzrlmxvoalsyl deleted
Key mxuagrdcwitcfeaxxkvl deleted
Key mbswhlrmcezxsjudcykd deleted
Key mbmeohbzaprdvvzrnnfa deleted
Key kkxbufxpmqgruxhhqrip deleted
Key fxuolwmbcmljwmlrxhiq deleted
Key fitorkfkgdpfxbpmmojs deleted
Key fgnryrtqwynednefmeeg deleted
Key ezzdsxltucwhalzuxfkk deleted
Key cuezykeufhdmklwtepuj deleted
Key aymbhikhaywyvnjuhlug deleted
Number of records in table = 0
15 17 15 17 0 0
