Table size = 23
Key Salvage inserted
Key Garbage inserted
Key refuse inserted
Number of records in table = 3
Key waste inserted
Key scrap inserted
Key drivel inserted
Key refuse already exists
Key refuse already exists
Key Junk doesn't exist
Key key doesn't exist
Key Salvage deleted
Key trash doesn't exist
Key scraps inserted
Key obsolete inserted
Key deprecated inserted
Key trash doesn't exist
Key Salvage doesn't exist
Key Salvage inserted
Key Junk doesn't exist
Key refuse found, record = 4567890123
Key Salvage found, record = 1234567899
Number of records in table = 10
10 12 2 2 5 9
ABCD 20
abcdefghijklmnopqrst 9
